+-------v--------+
|     o~.oo*~ooo!|
|oooo~o_o~.o=*o<.|
|<             oo|
|         .~!~~>~|
|~!~o~x>~o~o<~~=*|
|x~             o|
|<oo*~~         o|
|~x~.x~~o~~    x~|
|o.oo~       o=~o|
|_~_x*~~     x~~~|
|  *~.~<~_~<>~~o=|
|_*~~       o~~=~|
|        oo<.~*o=|
|        x~      |
+-------v--------+

+-------v--------+
|   >o.o>.~~~~ox~|
|~!>~~        >~~|
|          ooo~~~|
|~.o~_x~~~~~~~o=*|
|              .~|
|          .~<.~~|
|~<>~=o~!o~~*~~~<|
|=           o=~o|
|~oo~~~.~=~!~_~~*|
|=<             o|
|~o!o.~         .|
|*~_oox~~~ooooo>~|
|~          o<~=o|
|~         ooo*ox|
|          o     |
+-----------v----+

+---------------v----------------+
|o<       ooo~o~.oo*~ooo!o_o~.o=*|
|oo.o<>~                         |
|~o.~!~~~o<~                    >|
|~o<o*~!~o~x~=ox~o*~~~          x|
|           x*o=x~~x~.o~~~oo.oo~~|
|_~<>x~~~_~_~~~              .~<~|
|                   o~~=~_**~o=~~|
|                oo<.~*o=x~      |
+---------------v----------------+

+---------------v----------------+
|~~ooo>~~~!>>o.o>.~~~~ox~~~~~~~~~|
|                           o~_x~|
|                      ..*~.~o=~~|
|=~!~o=~o<~<>~=o~!o~.~<~~*~~~=_.~|
|                         oo~~~~~|
|                   x.~oo=*~<!o.~|
|*ox~     o<~=o*~_oo~~~ooooo>~~oo|
|   oo                           |
+-----v--------------------------+

